<?xml version="1.0" encoding="UTF-8"?>
<!-- Generated by org.testng.reporters.JUnitXMLReporter -->
<testsuite ignored="0" hostname="anshumans-MacBook-Air.local" failures="0" tests="4" name="Test" time="9.096" errors="0" timestamp="2023-07-13T21:45:23 IST">
  <testcase classname="api.test.UserTests2" name="testPostUser" time="2.735"/>
  <testcase classname="api.test.UserTests2" name="testGetUserByName" time="1.649"/>
  <testcase classname="api.test.UserTests2" name="testUpdateUserbyname" time="2.785"/>
  <testcase classname="api.test.UserTests2" name="testDeleteUserByName" time="1.412"/>
</testsuite> <!-- Test -->
