<?xml version="1.0" encoding="UTF-8"?>
<!-- Generated by org.testng.reporters.JUnitXMLReporter -->
<testsuite ignored="0" hostname="anshumans-MacBook-Air.local" failures="0" tests="4" name="Test" time="28.464" errors="0" timestamp="2023-07-14T12:25:44 IST">
  <testcase classname="api.test.UserTests2" name="testPostUser" time="8.531"/>
  <testcase classname="api.test.UserTests2" name="testGetUserByName" time="4.989"/>
  <testcase classname="api.test.UserTests2" name="testUpdateUserbyname" time="9.266"/>
  <testcase classname="api.test.UserTests2" name="testDeleteUserByName" time="5.118"/>
</testsuite> <!-- Test -->
