<?xml version="1.0" encoding="UTF-8"?>
<testng-results ignored="0" total="4" passed="4" failed="0" skipped="0">
  <reporter-output>
  </reporter-output>
  <suite started-at="2023-07-13T21:45:14 IST" name="Suite" finished-at="2023-07-13T21:45:23 IST" duration-ms="9096">
    <groups>
    </groups>
    <test started-at="2023-07-13T21:45:14 IST" name="Test" finished-at="2023-07-13T21:45:23 IST" duration-ms="9096">
      <class name="api.test.UserTests2">
        <test-method is-config="true" signature="setup()[pri:0, instance:api.test.UserTests2@72e5a8e]" started-at="2023-07-13T21:45:14 IST" name="setup" finished-at="2023-07-13T21:45:15 IST" duration-ms="387" status="PASS">
          <reporter-output>
          </reporter-output>
        </test-method> <!-- setup -->
        <test-method signature="testPostUser()[pri:1, instance:api.test.UserTests2@72e5a8e]" started-at="2023-07-13T21:45:15 IST" name="testPostUser" finished-at="2023-07-13T21:45:17 IST" duration-ms="2735" status="PASS">
          <reporter-output>
          </reporter-output>
        </test-method> <!-- testPostUser -->
        <test-method signature="testGetUserByName()[pri:2, instance:api.test.UserTests2@72e5a8e]" started-at="2023-07-13T21:45:17 IST" name="testGetUserByName" finished-at="2023-07-13T21:45:19 IST" duration-ms="1649" status="PASS">
          <reporter-output>
          </reporter-output>
        </test-method> <!-- testGetUserByName -->
        <test-method signature="testUpdateUserbyname()[pri:3, instance:api.test.UserTests2@72e5a8e]" started-at="2023-07-13T21:45:19 IST" name="testUpdateUserbyname" finished-at="2023-07-13T21:45:22 IST" duration-ms="2785" status="PASS">
          <reporter-output>
          </reporter-output>
        </test-method> <!-- testUpdateUserbyname -->
        <test-method signature="testDeleteUserByName()[pri:4, instance:api.test.UserTests2@72e5a8e]" started-at="2023-07-13T21:45:22 IST" name="testDeleteUserByName" finished-at="2023-07-13T21:45:23 IST" duration-ms="1412" status="PASS">
          <reporter-output>
          </reporter-output>
        </test-method> <!-- testDeleteUserByName -->
      </class> <!-- api.test.UserTests2 -->
    </test> <!-- Test -->
  </suite> <!-- Suite -->
</testng-results>
